This is pdfTeX, Version 3.141592653-2.6-1.40.25 (TeX Live 2023) (preloaded format=pdflatex 2023.10.10)  8 MAR 2024 14:19
entering extended mode
 restricted \write18 enabled.
 %&-line parsing enabled.
**FinalProject.tex
(./FinalProject.tex
LaTeX2e <2022-11-01> patch level 1
L3 programming layer <2023-02-22>
(/usr/local/texlive/2023/texmf-dist/tex/latex/base/article.cls
Document Class: article 2022/07/02 v1.4n Standard LaTeX document class
(/usr/local/texlive/2023/texmf-dist/tex/latex/base/size10.clo
File: size10.clo 2022/07/02 v1.4n Standard LaTeX file (size option)
)
\c@part=\count185
\c@section=\count186
\c@subsection=\count187
\c@subsubsection=\count188
\c@paragraph=\count189
\c@subparagraph=\count190
\c@figure=\count191
\c@table=\count192
\abovecaptionskip=\skip48
\belowcaptionskip=\skip49
\bibindent=\dimen140
)
(/usr/local/texlive/2023/texmf-dist/tex/latex/base/inputenc.sty
Package: inputenc 2021/02/14 v1.3d Input encoding file
\inpenc@prehook=\toks16
\inpenc@posthook=\toks17
)
(/usr/local/texlive/2023/texmf-dist/tex/latex/tools/array.sty
Package: array 2022/09/04 v2.5g Tabular extension package (FMi)
\col@sep=\dimen141
\ar@mcellbox=\box51
\extrarowheight=\dimen142
\NC@list=\toks18
\extratabsurround=\skip50
\backup@length=\skip51
\ar@cellbox=\box52
)
(/usr/local/texlive/2023/texmf-dist/tex/latex/tools/longtable.sty
Package: longtable 2021-09-01 v4.17 Multi-page Table package (DPC)
\LTleft=\skip52
\LTright=\skip53
\LTpre=\skip54
\LTpost=\skip55
\LTchunksize=\count193
\LTcapwidth=\dimen143
\LT@head=\box53
\LT@firsthead=\box54
\LT@foot=\box55
\LT@lastfoot=\box56
\LT@gbox=\box57
\LT@cols=\count194
\LT@rows=\count195
\c@LT@tables=\count196
\c@LT@chunks=\count197
\LT@p@ftn=\toks19
)
(/usr/local/texlive/2023/texmf-dist/tex/latex/graphics/graphicx.sty
Package: graphicx 2021/09/16 v1.2d Enhanced LaTeX Graphics (DPC,SPQR)

(/usr/local/texlive/2023/texmf-dist/tex/latex/graphics/keyval.sty
Package: keyval 2022/05/29 v1.15 key=value parser (DPC)
\KV@toks@=\toks20
)
(/usr/local/texlive/2023/texmf-dist/tex/latex/graphics/graphics.sty
Package: graphics 2022/03/10 v1.4e Standard LaTeX Graphics (DPC,SPQR)

(/usr/local/texlive/2023/texmf-dist/tex/latex/graphics/trig.sty
Package: trig 2021/08/11 v1.11 sin cos tan (DPC)
)
(/usr/local/texlive/2023/texmf-dist/tex/latex/graphics-cfg/graphics.cfg
File: graphics.cfg 2016/06/04 v1.11 sample graphics configuration
)
Package graphics Info: Driver file: pdftex.def on input line 107.

(/usr/local/texlive/2023/texmf-dist/tex/latex/graphics-def/pdftex.def
File: pdftex.def 2022/09/22 v1.2b Graphics/color driver for pdftex
))
\Gin@req@height=\dimen144
\Gin@req@width=\dimen145
)
(/usr/local/texlive/2023/texmf-dist/tex/latex/multirow/multirow.sty
Package: multirow 2021/03/15 v2.8 Span multiple rows of a table
\multirow@colwidth=\skip56
\multirow@cntb=\count198
\multirow@dima=\skip57
\bigstrutjot=\dimen146
)
(/usr/local/texlive/2023/texmf-dist/tex/latex/float/float.sty
Package: float 2001/11/08 v1.3d Float enhancements (AL)
\c@float@type=\count199
\float@exts=\toks21
\float@box=\box58
\@float@everytoks=\toks22
\@floatcapt=\box59
)
(/usr/local/texlive/2023/texmf-dist/tex/latex/caption/caption.sty
Package: caption 2023/03/12 v3.6j Customizing captions (AR)

(/usr/local/texlive/2023/texmf-dist/tex/latex/caption/caption3.sty
Package: caption3 2023/03/12 v2.4 caption3 kernel (AR)
\caption@tempdima=\dimen147
\captionmargin=\dimen148
\caption@leftmargin=\dimen149
\caption@rightmargin=\dimen150
\caption@width=\dimen151
\caption@indent=\dimen152
\caption@parindent=\dimen153
\caption@hangindent=\dimen154
Package caption Info: Standard document class detected.
)
\c@caption@flags=\count266
\c@continuedfloat=\count267
Package caption Info: float package is loaded.
Package caption Info: longtable package is loaded.

(/usr/local/texlive/2023/texmf-dist/tex/latex/caption/ltcaption.sty
Package: ltcaption 2021/01/08 v1.4c longtable captions (AR)
))
(/usr/local/texlive/2023/texmf-dist/tex/latex/setspace/setspace.sty
Package: setspace 2022/12/04 v6.7b set line spacing
)
(/usr/local/texlive/2023/texmf-dist/tex/latex/hyperref/hyperref.sty
Package: hyperref 2023-02-07 v7.00v Hypertext links for LaTeX

(/usr/local/texlive/2023/texmf-dist/tex/generic/ltxcmds/ltxcmds.sty
Package: ltxcmds 2020-05-10 v1.25 LaTeX kernel commands for general use (HO)
)
(/usr/local/texlive/2023/texmf-dist/tex/generic/iftex/iftex.sty
Package: iftex 2022/02/03 v1.0f TeX engine tests
)
(/usr/local/texlive/2023/texmf-dist/tex/generic/pdftexcmds/pdftexcmds.sty
Package: pdftexcmds 2020-06-27 v0.33 Utility functions of pdfTeX for LuaTeX (HO
)

(/usr/local/texlive/2023/texmf-dist/tex/generic/infwarerr/infwarerr.sty
Package: infwarerr 2019/12/03 v1.5 Providing info/warning/error messages (HO)
)
Package pdftexcmds Info: \pdf@primitive is available.
Package pdftexcmds Info: \pdf@ifprimitive is available.
Package pdftexcmds Info: \pdfdraftmode found.
)
(/usr/local/texlive/2023/texmf-dist/tex/latex/kvsetkeys/kvsetkeys.sty
Package: kvsetkeys 2022-10-05 v1.19 Key value parser (HO)
)
(/usr/local/texlive/2023/texmf-dist/tex/generic/kvdefinekeys/kvdefinekeys.sty
Package: kvdefinekeys 2019-12-19 v1.6 Define keys (HO)
)
(/usr/local/texlive/2023/texmf-dist/tex/generic/pdfescape/pdfescape.sty
Package: pdfescape 2019/12/09 v1.15 Implements pdfTeX's escape features (HO)
)
(/usr/local/texlive/2023/texmf-dist/tex/latex/hycolor/hycolor.sty
Package: hycolor 2020-01-27 v1.10 Color options for hyperref/bookmark (HO)
)
(/usr/local/texlive/2023/texmf-dist/tex/latex/letltxmacro/letltxmacro.sty
Package: letltxmacro 2019/12/03 v1.6 Let assignment for LaTeX macros (HO)
)
(/usr/local/texlive/2023/texmf-dist/tex/latex/auxhook/auxhook.sty
Package: auxhook 2019-12-17 v1.6 Hooks for auxiliary files (HO)
)
(/usr/local/texlive/2023/texmf-dist/tex/latex/hyperref/nameref.sty
Package: nameref 2022-05-17 v2.50 Cross-referencing by name of section

(/usr/local/texlive/2023/texmf-dist/tex/latex/refcount/refcount.sty
Package: refcount 2019/12/15 v3.6 Data extraction from label references (HO)
)
(/usr/local/texlive/2023/texmf-dist/tex/generic/gettitlestring/gettitlestring.s
ty
Package: gettitlestring 2019/12/15 v1.6 Cleanup title references (HO)
 (/usr/local/texlive/2023/texmf-dist/tex/latex/kvoptions/kvoptions.sty
Package: kvoptions 2022-06-15 v3.15 Key value format for package options (HO)
))
\c@section@level=\count268
)
\@linkdim=\dimen155
\Hy@linkcounter=\count269
\Hy@pagecounter=\count270

(/usr/local/texlive/2023/texmf-dist/tex/latex/hyperref/pd1enc.def
File: pd1enc.def 2023-02-07 v7.00v Hyperref: PDFDocEncoding definition (HO)
Now handling font encoding PD1 ...
... no UTF-8 mapping file for font encoding PD1
)
(/usr/local/texlive/2023/texmf-dist/tex/generic/intcalc/intcalc.sty
Package: intcalc 2019/12/15 v1.3 Expandable calculations with integers (HO)
)
(/usr/local/texlive/2023/texmf-dist/tex/generic/etexcmds/etexcmds.sty
Package: etexcmds 2019/12/15 v1.7 Avoid name clashes with e-TeX commands (HO)
)
\Hy@SavedSpaceFactor=\count271

(/usr/local/texlive/2023/texmf-dist/tex/latex/hyperref/puenc.def
File: puenc.def 2023-02-07 v7.00v Hyperref: PDF Unicode definition (HO)
Now handling font encoding PU ...
... no UTF-8 mapping file for font encoding PU
)
Package hyperref Info: Hyper figures OFF on input line 4177.
Package hyperref Info: Link nesting OFF on input line 4182.
Package hyperref Info: Hyper index ON on input line 4185.
Package hyperref Info: Plain pages OFF on input line 4192.
Package hyperref Info: Backreferencing OFF on input line 4197.
Package hyperref Info: Implicit mode ON; LaTeX internals redefined.
Package hyperref Info: Bookmarks ON on input line 4425.
\c@Hy@tempcnt=\count272

(/usr/local/texlive/2023/texmf-dist/tex/latex/url/url.sty
\Urlmuskip=\muskip16
Package: url 2013/09/16  ver 3.4  Verb mode for urls, etc.
)
LaTeX Info: Redefining \url on input line 4763.
\XeTeXLinkMargin=\dimen156

(/usr/local/texlive/2023/texmf-dist/tex/generic/bitset/bitset.sty
Package: bitset 2019/12/09 v1.3 Handle bit-vector datatype (HO)

(/usr/local/texlive/2023/texmf-dist/tex/generic/bigintcalc/bigintcalc.sty
Package: bigintcalc 2019/12/15 v1.5 Expandable calculations on big integers (HO
)
))
\Fld@menulength=\count273
\Field@Width=\dimen157
\Fld@charsize=\dimen158
Package hyperref Info: Hyper figures OFF on input line 6042.
Package hyperref Info: Link nesting OFF on input line 6047.
Package hyperref Info: Hyper index ON on input line 6050.
Package hyperref Info: backreferencing OFF on input line 6057.
Package hyperref Info: Link coloring OFF on input line 6062.
Package hyperref Info: Link coloring with OCG OFF on input line 6067.
Package hyperref Info: PDF/A mode OFF on input line 6072.

(/usr/local/texlive/2023/texmf-dist/tex/latex/base/atbegshi-ltx.sty
Package: atbegshi-ltx 2021/01/10 v1.0c Emulation of the original atbegshi
package with kernel methods
)
\Hy@abspage=\count274
\c@Item=\count275
\c@Hfootnote=\count276
)
Package hyperref Info: Driver (autodetected): hpdftex.

(/usr/local/texlive/2023/texmf-dist/tex/latex/hyperref/hpdftex.def
File: hpdftex.def 2023-02-07 v7.00v Hyperref driver for pdfTeX

(/usr/local/texlive/2023/texmf-dist/tex/latex/base/atveryend-ltx.sty
Package: atveryend-ltx 2020/08/19 v1.0a Emulation of the original atveryend pac
kage
with kernel methods
)
\Fld@listcount=\count277
\c@bookmark@seq@number=\count278

(/usr/local/texlive/2023/texmf-dist/tex/latex/rerunfilecheck/rerunfilecheck.sty
Package: rerunfilecheck 2022-07-10 v1.10 Rerun checks for auxiliary files (HO)

(/usr/local/texlive/2023/texmf-dist/tex/generic/uniquecounter/uniquecounter.sty
Package: uniquecounter 2019/12/15 v1.4 Provide unlimited unique counter (HO)
)
Package uniquecounter Info: New unique counter `rerunfilecheck' on input line 2
85.
)
\Hy@SectionHShift=\skip58
)
(/usr/local/texlive/2023/texmf-dist/tex/latex/l3backend/l3backend-pdftex.def
File: l3backend-pdftex.def 2023-01-16 L3 backend support: PDF output (pdfTeX)
\l__color_backend_stack_int=\count279
\l__pdf_internal_box=\box60
)
(./FinalProject.aux

LaTeX Warning: Label `' multiply defined.


LaTeX Warning: Label `' multiply defined.


LaTeX Warning: Label `' multiply defined.


LaTeX Warning: Label `' multiply defined.


LaTeX Warning: Label `' multiply defined.


LaTeX Warning: Label `' multiply defined.


LaTeX Warning: Label `' multiply defined.


LaTeX Warning: Label `' multiply defined.


LaTeX Warning: Label `' multiply defined.


LaTeX Warning: Label `' multiply defined.

)
\openout1 = `FinalProject.aux'.

LaTeX Font Info:    Checking defaults for OML/cmm/m/it on input line 16.
LaTeX Font Info:    ... okay on input line 16.
LaTeX Font Info:    Checking defaults for OMS/cmsy/m/n on input line 16.
LaTeX Font Info:    ... okay on input line 16.
LaTeX Font Info:    Checking defaults for OT1/cmr/m/n on input line 16.
LaTeX Font Info:    ... okay on input line 16.
LaTeX Font Info:    Checking defaults for T1/cmr/m/n on input line 16.
LaTeX Font Info:    ... okay on input line 16.
LaTeX Font Info:    Checking defaults for TS1/cmr/m/n on input line 16.
LaTeX Font Info:    ... okay on input line 16.
LaTeX Font Info:    Checking defaults for OMX/cmex/m/n on input line 16.
LaTeX Font Info:    ... okay on input line 16.
LaTeX Font Info:    Checking defaults for U/cmr/m/n on input line 16.
LaTeX Font Info:    ... okay on input line 16.
LaTeX Font Info:    Checking defaults for PD1/pdf/m/n on input line 16.
LaTeX Font Info:    ... okay on input line 16.
LaTeX Font Info:    Checking defaults for PU/pdf/m/n on input line 16.
LaTeX Font Info:    ... okay on input line 16.
 (/usr/local/texlive/2023/texmf-dist/tex/context/base/mkii/supp-pdf.mkii
[Loading MPS to PDF converter (version 2006.09.02).]
\scratchcounter=\count280
\scratchdimen=\dimen159
\scratchbox=\box61
\nofMPsegments=\count281
\nofMParguments=\count282
\everyMPshowfont=\toks23
\MPscratchCnt=\count283
\MPscratchDim=\dimen160
\MPnumerator=\count284
\makeMPintoPDFobject=\count285
\everyMPtoPDFconversion=\toks24
) (/usr/local/texlive/2023/texmf-dist/tex/latex/epstopdf-pkg/epstopdf-base.sty
Package: epstopdf-base 2020-01-24 v2.11 Base part for package epstopdf
Package epstopdf-base Info: Redefining graphics rule for `.eps' on input line 4
85.

(/usr/local/texlive/2023/texmf-dist/tex/latex/latexconfig/epstopdf-sys.cfg
File: epstopdf-sys.cfg 2010/07/13 v1.3 Configuration of (r)epstopdf for TeX Liv
e
))
Package caption Info: Begin \AtBeginDocument code.
Package caption Info: hyperref package is loaded.
Package caption Info: End \AtBeginDocument code.
Package hyperref Info: Link coloring OFF on input line 16.

(./FinalProject.out) (./FinalProject.out)
\@outlinefile=\write3
\openout3 = `FinalProject.out'.

LaTeX Font Info:    External font `cmex10' loaded for size
(Font)              <12> on input line 19.
LaTeX Font Info:    External font `cmex10' loaded for size
(Font)              <8> on input line 19.
LaTeX Font Info:    External font `cmex10' loaded for size
(Font)              <6> on input line 19.
LaTeX Font Info:    External font `cmex10' loaded for size
(Font)              <9> on input line 22.
LaTeX Font Info:    External font `cmex10' loaded for size
(Font)              <5> on input line 22.
 [1

{/usr/local/texlive/2023/texmf-var/fonts/map/pdftex/updmap/pdftex.map}] [2] [3]
</Users/sarabcidf/Desktop/ASDS/Dissertation/AMLO/Analysis/sentdistrib.png, id=8
8, 578.16pt x 433.62pt>
File: /Users/sarabcidf/Desktop/ASDS/Dissertation/AMLO/Analysis/sentdistrib.png 
Graphic file (type png)
<use /Users/sarabcidf/Desktop/ASDS/Dissertation/AMLO/Analysis/sentdistrib.png>
Package pdftex.def Info: /Users/sarabcidf/Desktop/ASDS/Dissertation/AMLO/Analys
is/sentdistrib.png  used on input line 59.
(pdftex.def)             Requested size: 345.0pt x 258.74484pt.
 [4 </Users/sarabcidf/Desktop/ASDS/Dissertation/AMLO/Analysis/sentdistrib.png>]
LaTeX Font Info:    External font `cmex10' loaded for size
(Font)              <7> on input line 75.
</Users/sarabcidf/Desktop/ASDS/Dissertation/AMLO/Analysis/targsaafinn.png, id=1
06, 578.16pt x 289.08pt>
File: /Users/sarabcidf/Desktop/ASDS/Dissertation/AMLO/Analysis/targsaafinn.png 
Graphic file (type png)
<use /Users/sarabcidf/Desktop/ASDS/Dissertation/AMLO/Analysis/targsaafinn.png>
Package pdftex.def Info: /Users/sarabcidf/Desktop/ASDS/Dissertation/AMLO/Analys
is/targsaafinn.png  used on input line 90.
(pdftex.def)             Requested size: 345.0pt x 172.49655pt.
 [5]
</Users/sarabcidf/Desktop/ASDS/Dissertation/AMLO/Analysis/targsanrc.png, id=120
, 578.16pt x 289.08pt>
File: /Users/sarabcidf/Desktop/ASDS/Dissertation/AMLO/Analysis/targsanrc.png Gr
aphic file (type png)
<use /Users/sarabcidf/Desktop/ASDS/Dissertation/AMLO/Analysis/targsanrc.png>
Package pdftex.def Info: /Users/sarabcidf/Desktop/ASDS/Dissertation/AMLO/Analys
is/targsanrc.png  used on input line 96.
(pdftex.def)             Requested size: 345.0pt x 172.49655pt.
 [6 </Users/sarabcidf/Desktop/ASDS/Dissertation/AMLO/Analysis/targsaafinn.png> 
</Users/sarabcidf/Desktop/ASDS/Dissertation/AMLO/Analysis/targsanrc.png>]
</Users/sarabcidf/Desktop/ASDS/Dissertation/AMLO/Analysis/poplangtimecount.png,
 id=131, 578.16pt x 289.08pt>
File: /Users/sarabcidf/Desktop/ASDS/Dissertation/AMLO/Analysis/poplangtimecount
.png Graphic file (type png)
<use /Users/sarabcidf/Desktop/ASDS/Dissertation/AMLO/Analysis/poplangtimecount.
png>
Package pdftex.def Info: /Users/sarabcidf/Desktop/ASDS/Dissertation/AMLO/Analys
is/poplangtimecount.png  used on input line 112.
(pdftex.def)             Requested size: 345.0pt x 172.49655pt.
 [7 </Users/sarabcidf/Desktop/ASDS/Dissertation/AMLO/Analysis/poplangtimecount.
png>] (./FinalProject.bbl
Underfull \hbox (badness 1048) in paragraph at lines 47--53
\OT1/cmr/m/it/10 The British Jour-nal of So-ci-ol-ogy\OT1/cmr/m/n/10 , 68(S1):S
153--S180, 2017.  []eprint:
 []

[8]
Underfull \hbox (badness 2111) in paragraph at lines 73--79
\OT1/cmr/m/n/10 par-ing Two Meth-ods of Con-tent Anal-y-sis.  \OT1/cmr/m/it/10 
West Eu-ro-pean Pol-i-
 []

) [9]
</Users/sarabcidf/Desktop/ASDS/Dissertation/AMLO/Analysis/words_time.png, id=14
9, 578.16pt x 289.08pt>
File: /Users/sarabcidf/Desktop/ASDS/Dissertation/AMLO/Analysis/words_time.png G
raphic file (type png)
<use /Users/sarabcidf/Desktop/ASDS/Dissertation/AMLO/Analysis/words_time.png>
Package pdftex.def Info: /Users/sarabcidf/Desktop/ASDS/Dissertation/AMLO/Analys
is/words_time.png  used on input line 139.
(pdftex.def)             Requested size: 345.0pt x 172.49655pt.
</Users/sarabcidf/Desktop/ASDS/Dissertation/AMLO/Analysis/conf_freq_time.png, i
d=150, 578.16pt x 289.08pt>
File: /Users/sarabcidf/Desktop/ASDS/Dissertation/AMLO/Analysis/conf_freq_time.p
ng Graphic file (type png)
<use /Users/sarabcidf/Desktop/ASDS/Dissertation/AMLO/Analysis/conf_freq_time.pn
g>
Package pdftex.def Info: /Users/sarabcidf/Desktop/ASDS/Dissertation/AMLO/Analys
is/conf_freq_time.png  used on input line 145.
(pdftex.def)             Requested size: 345.0pt x 172.49655pt.
 [10 </Users/sarabcidf/Desktop/ASDS/Dissertation/AMLO/Analysis/words_time.png> 
</Users/sarabcidf/Desktop/ASDS/Dissertation/AMLO/Analysis/conf_freq_time.png>]
</Users/sarabcidf/Desktop/ASDS/Dissertation/AMLO/Analysis/var_words_time.png, i
d=159, 578.16pt x 289.08pt>
File: /Users/sarabcidf/Desktop/ASDS/Dissertation/AMLO/Analysis/var_words_time.p
ng Graphic file (type png)
<use /Users/sarabcidf/Desktop/ASDS/Dissertation/AMLO/Analysis/var_words_time.pn
g>
Package pdftex.def Info: /Users/sarabcidf/Desktop/ASDS/Dissertation/AMLO/Analys
is/var_words_time.png  used on input line 156.
(pdftex.def)             Requested size: 345.0pt x 172.49655pt.
</Users/sarabcidf/Desktop/ASDS/Dissertation/AMLO/Analysis/TopWords.png, id=160,
 578.16pt x 289.08pt>
File: /Users/sarabcidf/Desktop/ASDS/Dissertation/AMLO/Analysis/TopWords.png Gra
phic file (type png)
<use /Users/sarabcidf/Desktop/ASDS/Dissertation/AMLO/Analysis/TopWords.png>
Package pdftex.def Info: /Users/sarabcidf/Desktop/ASDS/Dissertation/AMLO/Analys
is/TopWords.png  used on input line 162.
(pdftex.def)             Requested size: 345.0pt x 172.49655pt.
 [11 </Users/sarabcidf/Desktop/ASDS/Dissertation/AMLO/Analysis/var_words_time.p
ng> </Users/sarabcidf/Desktop/ASDS/Dissertation/AMLO/Analysis/TopWords.png>]
</Users/sarabcidf/Desktop/ASDS/Dissertation/AMLO/Analysis/senttime.png, id=169,
 578.16pt x 289.08pt>
File: /Users/sarabcidf/Desktop/ASDS/Dissertation/AMLO/Analysis/senttime.png Gra
phic file (type png)
<use /Users/sarabcidf/Desktop/ASDS/Dissertation/AMLO/Analysis/senttime.png>
Package pdftex.def Info: /Users/sarabcidf/Desktop/ASDS/Dissertation/AMLO/Analys
is/senttime.png  used on input line 177.
(pdftex.def)             Requested size: 345.0pt x 172.49655pt.

Underfull \hbox (badness 10000) in paragraph at lines 190--190
[]|\OT1/cmr/m/n/9 Original (Roodujn &
 []


Underfull \hbox (badness 10000) in paragraph at lines 190--191
[]|\OT1/cmr/m/n/9 undemocratic / an-
 []


Underfull \hbox (badness 10000) in paragraph at lines 201--202
[]|\OT1/cmr/m/n/9 traici^^Son / traicionar /
 []


Underfull \hbox (badness 3872) in paragraph at lines 204--204
[]|\OT1/cmr/bx/n/9 Additional terms
 []


Underfull \hbox (badness 10000) in paragraph at lines 211--211
[]|\OT1/cmr/m/n/9 Additional people-centric
 []


Underfull \hbox (badness 3872) in paragraph at lines 216--216
[]|\OT1/cmr/bx/n/9 Additional terms
 []


Overfull \hbox (5.58028pt too wide) in alignment at lines 186--218
 [] [] [] 
 []

[12 </Users/sarabcidf/Desktop/ASDS/Dissertation/AMLO/Analysis/senttime.png>]
[13]
</Users/sarabcidf/Desktop/ASDS/Dissertation/AMLO/Analysis/readability.png, id=1
82, 578.16pt x 289.08pt>
File: /Users/sarabcidf/Desktop/ASDS/Dissertation/AMLO/Analysis/readability.png 
Graphic file (type png)
<use /Users/sarabcidf/Desktop/ASDS/Dissertation/AMLO/Analysis/readability.png>
Package pdftex.def Info: /Users/sarabcidf/Desktop/ASDS/Dissertation/AMLO/Analys
is/readability.png  used on input line 233.
(pdftex.def)             Requested size: 345.0pt x 172.49655pt.
</Users/sarabcidf/Desktop/ASDS/Dissertation/AMLO/Analysis/ldiversity.png, id=18
3, 578.16pt x 289.08pt>
File: /Users/sarabcidf/Desktop/ASDS/Dissertation/AMLO/Analysis/ldiversity.png G
raphic file (type png)
<use /Users/sarabcidf/Desktop/ASDS/Dissertation/AMLO/Analysis/ldiversity.png>
Package pdftex.def Info: /Users/sarabcidf/Desktop/ASDS/Dissertation/AMLO/Analys
is/ldiversity.png  used on input line 239.
(pdftex.def)             Requested size: 345.0pt x 172.49655pt.
 [14 </Users/sarabcidf/Desktop/ASDS/Dissertation/AMLO/Analysis/readability.png>
 </Users/sarabcidf/Desktop/ASDS/Dissertation/AMLO/Analysis/ldiversity.png>] (./
FinalProject.aux)

LaTeX Warning: There were multiply-defined labels.

Package rerunfilecheck Info: File `FinalProject.out' has not changed.
(rerunfilecheck)             Checksum: 58466D52DBB1AADDD8DA0A8E4152E912;1072.
 ) 
Here is how much of TeX's memory you used:
 10039 strings out of 476025
 169892 string characters out of 5790016
 1871388 words of memory out of 5000000
 30313 multiletter control sequences out of 15000+600000
 517969 words of font info for 51 fonts, out of 8000000 for 9000
 1141 hyphenation exceptions out of 8191
 75i,8n,76p,1269b,552s stack positions out of 10000i,1000n,20000p,200000b,200000s
</usr/local/texlive/2023/texmf-dist/fonts/type1/public/amsfonts/cm/cmbx10.pfb
></usr/local/texlive/2023/texmf-dist/fonts/type1/public/amsfonts/cm/cmbx12.pfb>
</usr/local/texlive/2023/texmf-dist/fonts/type1/public/amsfonts/cm/cmbx9.pfb></
usr/local/texlive/2023/texmf-dist/fonts/type1/public/amsfonts/cm/cmr10.pfb></us
r/local/texlive/2023/texmf-dist/fonts/type1/public/amsfonts/cm/cmr12.pfb></usr/
local/texlive/2023/texmf-dist/fonts/type1/public/amsfonts/cm/cmr17.pfb></usr/lo
cal/texlive/2023/texmf-dist/fonts/type1/public/amsfonts/cm/cmr6.pfb></usr/local
/texlive/2023/texmf-dist/fonts/type1/public/amsfonts/cm/cmr7.pfb></usr/local/te
xlive/2023/texmf-dist/fonts/type1/public/amsfonts/cm/cmr8.pfb></usr/local/texli
ve/2023/texmf-dist/fonts/type1/public/amsfonts/cm/cmr9.pfb></usr/local/texlive/
2023/texmf-dist/fonts/type1/public/amsfonts/cm/cmti10.pfb></usr/local/texlive/2
023/texmf-dist/fonts/type1/public/amsfonts/cm/cmtt8.pfb>
Output written on FinalProject.pdf (14 pages, 2330262 bytes).
PDF statistics:
 258 PDF objects out of 1000 (max. 8388607)
 194 compressed objects within 2 object streams
 57 named destinations out of 1000 (max. 500000)
 120 words of extra memory for PDF output out of 10000 (max. 10000000)

